This is pdfTeX, Version 3.141592653-2.6-1.40.26 (TeX Live 2024) (preloaded format=pdflatex 2025.1.28)  27 APR 2026 15:31
entering extended mode
 restricted \write18 enabled.
 %&-line parsing enabled.
**BSET.tex
(./BSET.tex
LaTeX2e <2023-11-01> patch level 1
L3 programming layer <2024-02-20>
(./biom.cls
Document Class: biom 2006/12/12 v2.2 LaTeX2e Biom document class
Document Style `Biom' v1.0, released 2006 December 12
\math@groups=\toks17
LaTeX Font Info:    Overwriting symbol font `symbols' in version `bold'
(Font)                  OMS/cmsy/b/n --> OMS/cmsy/b/n on input line 236.
\SFB@measure=\dimen140
\realparindent=\skip48
\c@part=\count188
\c@section=\count189
\c@subsection=\count190
\c@subsubsection=\count191
\c@paragraph=\count192
\c@subparagraph=\count193
\c@discounter=\count194
\@topalign=\dimen141
\Verticalskip=\dimen142
\@partialpageht=\dimen143
\store@outputbox=\box51
\storedboxheight=\dimen144
\@indentskip=\skip49
\smallindent=\skip50
\@footindent=\skip51
\@leftskip=\skip52
\absbox=\box52
\keywdbox=\box53
\c@emailcnt=\count195
\c@emailxcnt=\count196
\tempcount=\count197
(/usr/local/texlive/2024/texmf-dist/tex/latex/natbib/natbib.sty
Package: natbib 2010/09/13 8.31b (PWD, AO)
\bibhang=\skip53
\bibsep=\skip54
LaTeX Info: Redefining \cite on input line 694.
\c@NAT@ctr=\count198
)
\c@dummy=\count199
\c@table=\count266
\c@figure=\count267
\mathindent=\dimen145

(/usr/local/texlive/2024/texmf-dist/tex/latex/tools/theorem.sty
Package: theorem 2023/07/05 v2.2c Theorem extension package (FMi)
\theorem@style=\toks18
\theorem@bodyfont=\toks19
\theorempreskipamount=\skip55
\theorempostskipamount=\skip56

(/usr/local/texlive/2024/texmf-dist/tex/latex/tools/thp.sty
File: thp.sty 2023/07/05 v2.2c Theorem extension package (FMi)
))
\c@theorem=\count268
\c@theorem=\count269
\c@corollary=\count270
\c@fact=\count271
\c@property=\count272
\c@result=\count273
\c@lemma=\count274
\c@assumption=\count275
\c@case=\count276
\c@axiom=\count277
\c@change=\count278
\c@claim=\count279
\c@conjecture=\count280
\c@definition=\count281
\c@example=\count282
\c@formula=\count283
\c@hypothesis=\count284
\c@method=\count285
\c@model=\count286
\c@notation=\count287
\c@note=\count288
\c@objective=\count289
\c@observation=\count290
\c@principle=\count291
\c@problem=\count292
\c@procedure=\count293
\c@remark=\count294
\c@step=\count295
\theorempreskipamount=\skip57
\theorempostskipamount=\skip58

(/usr/local/texlive/2024/texmf-dist/tex/latex/endfloat/endfloat.sty
Package: endfloat 2019/04/15 v2.7 LaTeX2e package puts figures and tables at en
d (jdm)

(/usr/local/texlive/2024/texmf-dist/tex/latex/graphics/keyval.sty
Package: keyval 2022/05/29 v1.15 key=value parser (DPC)
\KV@toks@=\toks20
)
\c@postfigure=\count296
\efloat@postfff=\write3
\@ef@fffopen=\count297
\c@posttable=\count298
\efloat@postttt=\write4
\@ef@tttopen=\count299
))
(/usr/local/texlive/2024/texmf-dist/tex/latex/tools/xr.sty
Package: xr 2023-07-04 v5.06 eXternal References (DPC)
)
Package xr Info: IMPORTING LABELS FROM BSET_appendix.aux on input line 25.

(BSET_appendix.tex)
(BSET_appendix.aux)
(/usr/local/texlive/2024/texmf-dist/tex/latex/xcolor/xcolor.sty
Package: xcolor 2023/11/15 v3.01 LaTeX color extensions (UK)

(/usr/local/texlive/2024/texmf-dist/tex/latex/graphics-cfg/color.cfg
File: color.cfg 2016/01/02 v1.6 sample color configuration
)
Package xcolor Info: Driver file: pdftex.def on input line 274.

(/usr/local/texlive/2024/texmf-dist/tex/latex/graphics-def/pdftex.def
File: pdftex.def 2022/09/22 v1.2b Graphics/color driver for pdftex
)
(/usr/local/texlive/2024/texmf-dist/tex/latex/graphics/mathcolor.ltx)
Package xcolor Info: Model `cmy' substituted by `cmy0' on input line 1350.
Package xcolor Info: Model `hsb' substituted by `rgb' on input line 1354.
Package xcolor Info: Model `RGB' extended on input line 1366.
Package xcolor Info: Model `HTML' substituted by `rgb' on input line 1368.
Package xcolor Info: Model `Hsb' substituted by `hsb' on input line 1369.
Package xcolor Info: Model `tHsb' substituted by `hsb' on input line 1370.
Package xcolor Info: Model `HSB' substituted by `hsb' on input line 1371.
Package xcolor Info: Model `Gray' substituted by `gray' on input line 1372.
Package xcolor Info: Model `wave' substituted by `hsb' on input line 1373.
)
(/usr/local/texlive/2024/texmf-dist/tex/latex/graphics/dvipsnam.def
File: dvipsnam.def 2016/06/17 v3.0m Driver-dependent file (DPC,SPQR)
)
(/usr/local/texlive/2024/texmf-dist/tex/latex/xcolor/svgnam.def
File: svgnam.def 2023/11/15 v3.01 Predefined colors according to SVG 1.1 (UK)
)
(/usr/local/texlive/2024/texmf-dist/tex/latex/xcolor/x11nam.def
File: x11nam.def 2023/11/15 v3.01 Predefined colors according to Unix/X11 (UK)
)
(/usr/local/texlive/2024/texmf-dist/tex/latex/graphics/graphicx.sty
Package: graphicx 2021/09/16 v1.2d Enhanced LaTeX Graphics (DPC,SPQR)

(/usr/local/texlive/2024/texmf-dist/tex/latex/graphics/graphics.sty
Package: graphics 2022/03/10 v1.4e Standard LaTeX Graphics (DPC,SPQR)

(/usr/local/texlive/2024/texmf-dist/tex/latex/graphics/trig.sty
Package: trig 2021/08/11 v1.11 sin cos tan (DPC)
)
(/usr/local/texlive/2024/texmf-dist/tex/latex/graphics-cfg/graphics.cfg
File: graphics.cfg 2016/06/04 v1.11 sample graphics configuration
)
Package graphics Info: Driver file: pdftex.def on input line 107.
)
\Gin@req@height=\dimen146
\Gin@req@width=\dimen147
)
(/usr/local/texlive/2024/texmf-dist/tex/latex/tools/verbatim.sty
Package: verbatim 2023-11-06 v1.5v LaTeX2e package for verbatim enhancements
\every@verbatim=\toks21
\verbatim@line=\toks22
\verbatim@in@stream=\read2
)
(/usr/local/texlive/2024/texmf-dist/tex/latex/tools/array.sty
Package: array 2023/10/16 v2.5g Tabular extension package (FMi)
\col@sep=\dimen148
\ar@mcellbox=\box54
\extrarowheight=\dimen149
\NC@list=\toks23
\extratabsurround=\skip59
\backup@length=\skip60
\ar@cellbox=\box55
)
(/usr/local/texlive/2024/texmf-dist/tex/latex/tools/multicol.sty
Package: multicol 2023/03/30 v1.9f multicolumn formatting (FMi)
\c@tracingmulticols=\count300
\mult@box=\box56
\multicol@leftmargin=\dimen150
\c@unbalance=\count301
\c@collectmore=\count302
\doublecol@number=\count303
\multicoltolerance=\count304
\multicolpretolerance=\count305
\full@width=\dimen151
\page@free=\dimen152
\premulticols=\dimen153
\postmulticols=\dimen154
\multicolsep=\skip61
\multicolbaselineskip=\skip62
\partial@page=\box57
\last@line=\box58
\mc@boxedresult=\box59
\maxbalancingoverflow=\dimen155
\mult@rightbox=\box60
\mult@grightbox=\box61
\mult@firstbox=\box62
\mult@gfirstbox=\box63
\@tempa=\box64
\@tempa=\box65
\@tempa=\box66
\@tempa=\box67
\@tempa=\box68
\@tempa=\box69
\@tempa=\box70
\@tempa=\box71
\@tempa=\box72
\@tempa=\box73
\@tempa=\box74
\@tempa=\box75
\@tempa=\box76
\@tempa=\box77
\@tempa=\box78
\@tempa=\box79
\@tempa=\box80
\@tempa=\box81
\@tempa=\box82
\@tempa=\box83
\@tempa=\box84
\@tempa=\box85
\@tempa=\box86
\@tempa=\box87
\@tempa=\box88
\@tempa=\box89
\@tempa=\box90
\@tempa=\box91
\@tempa=\box92
\@tempa=\box93
\@tempa=\box94
\@tempa=\box95
\@tempa=\box96
\@tempa=\box97
\@tempa=\box98
\@tempa=\box99
\c@minrows=\count306
\c@columnbadness=\count307
\c@finalcolumnbadness=\count308
\last@try=\dimen156
\multicolovershoot=\dimen157
\multicolundershoot=\dimen158
\mult@nat@firstbox=\box100
\colbreak@box=\box101
\mc@col@check@num=\count309
)
(/usr/local/texlive/2024/texmf-dist/tex/latex/graphics/lscape.sty
Package: lscape 2020/05/28 v3.02 Landscape Pages (DPC)
)
(/usr/local/texlive/2024/texmf-dist/tex/latex/jknapltx/mathrsfs.sty
Package: mathrsfs 1996/01/01 Math RSFS package v1.0 (jk)
\symrsfs=\mathgroup4
)
(/usr/local/texlive/2024/texmf-dist/tex/latex/enumitem/enumitem.sty
Package: enumitem 2019/06/20 v3.9 Customized lists
\labelindent=\skip63
\enit@outerparindent=\dimen159
\enit@toks=\toks24
\enit@inbox=\box102
\enit@count@id=\count310
\enitdp@description=\count311
)
(/usr/local/texlive/2024/texmf-dist/tex/latex/amsmath/amsmath.sty
Package: amsmath 2023/05/13 v2.17o AMS math features
\@mathmargin=\skip64

For additional information on amsmath, use the `?' option.
(/usr/local/texlive/2024/texmf-dist/tex/latex/amsmath/amstext.sty
Package: amstext 2021/08/26 v2.01 AMS text

(/usr/local/texlive/2024/texmf-dist/tex/latex/amsmath/amsgen.sty
File: amsgen.sty 1999/11/30 v2.0 generic functions
\@emptytoks=\toks25
\ex@=\dimen160
))
(/usr/local/texlive/2024/texmf-dist/tex/latex/amsmath/amsbsy.sty
Package: amsbsy 1999/11/29 v1.2d Bold Symbols
\pmbraise@=\dimen161
)
(/usr/local/texlive/2024/texmf-dist/tex/latex/amsmath/amsopn.sty
Package: amsopn 2022/04/08 v2.04 operator names
)
\inf@bad=\count312
LaTeX Info: Redefining \frac on input line 234.
\uproot@=\count313
\leftroot@=\count314
LaTeX Info: Redefining \overline on input line 399.
LaTeX Info: Redefining \colon on input line 410.
\classnum@=\count315
\DOTSCASE@=\count316
LaTeX Info: Redefining \ldots on input line 496.
LaTeX Info: Redefining \dots on input line 499.
LaTeX Info: Redefining \cdots on input line 620.
\Mathstrutbox@=\box103
\strutbox@=\box104
LaTeX Info: Redefining \big on input line 722.
LaTeX Info: Redefining \Big on input line 723.
LaTeX Info: Redefining \bigg on input line 724.
LaTeX Info: Redefining \Bigg on input line 725.
\big@size=\dimen162
LaTeX Font Info:    Redeclaring font encoding OML on input line 743.
LaTeX Font Info:    Redeclaring font encoding OMS on input line 744.
\macc@depth=\count317
LaTeX Info: Redefining \bmod on input line 905.
LaTeX Info: Redefining \pmod on input line 910.
LaTeX Info: Redefining \smash on input line 940.
LaTeX Info: Redefining \relbar on input line 970.
LaTeX Info: Redefining \Relbar on input line 971.
\c@MaxMatrixCols=\count318
\dotsspace@=\muskip16
\c@parentequation=\count319
\dspbrk@lvl=\count320
\tag@help=\toks26
\row@=\count321
\column@=\count322
\maxfields@=\count323
\andhelp@=\toks27
\eqnshift@=\dimen163
\alignsep@=\dimen164
\tagshift@=\dimen165
\tagwidth@=\dimen166
\totwidth@=\dimen167
\lineht@=\dimen168
\@envbody=\toks28
\multlinegap=\skip65
\multlinetaggap=\skip66
\mathdisplay@stack=\toks29
LaTeX Info: Redefining \[ on input line 2953.
LaTeX Info: Redefining \] on input line 2954.
)
(/usr/local/texlive/2024/texmf-dist/tex/latex/amsfonts/amsfonts.sty
Package: amsfonts 2013/01/14 v3.01 Basic AMSFonts support
\symAMSa=\mathgroup5
\symAMSb=\mathgroup6
LaTeX Font Info:    Redeclaring math symbol \hbar on input line 98.
LaTeX Font Info:    Overwriting math alphabet `\mathfrak' in version `bold'
(Font)                  U/euf/m/n --> U/euf/b/n on input line 106.
)
(/usr/local/texlive/2024/texmf-dist/tex/latex/graphics/epsfig.sty
Package: epsfig 2017/06/25 v1.7b (e)psfig emulation (SPQR)
\epsfxsize=\dimen169
\epsfysize=\dimen170
)
(/usr/local/texlive/2024/texmf-dist/tex/latex/fancybox/fancybox.sty
Package: fancybox 2010/05/15 1.4

Style option: `fancybox' v1.4 <2010/05/15> (tvz)
\@fancybox=\box105
\shadowsize=\dimen171
\@Sbox=\box106
\do@VerbBox=\toks30
\the@fancyput=\toks31
\this@fancyput=\toks32
\EndVerbatimTokens=\toks33
\Verbatim@Outfile=\write5
\Verbatim@Infile=\read3
) (/usr/local/texlive/2024/texmf-dist/tex/generic/soul/soul.sty
Package: soul 2023-06-14 v3.1 Permit use of UTF-8 characters in soul (HO)

(/usr/local/texlive/2024/texmf-dist/tex/generic/soul/soul-ori.sty
Package: soul-ori 2023-06-14 v3.1 letterspacing/underlining (mf)
\SOUL@word=\toks34
\SOUL@lasttoken=\toks35
\SOUL@syllable=\toks36
\SOUL@cmds=\toks37
\SOUL@buffer=\toks38
\SOUL@token=\toks39
\SOUL@syllgoal=\dimen172
\SOUL@syllwidth=\dimen173
\SOUL@charkern=\dimen174
\SOUL@hyphkern=\dimen175
\SOUL@dimen=\dimen176
\SOUL@dimeni=\dimen177
\SOUL@minus=\count324
\SOUL@comma=\count325
\SOUL@apo=\count326
\SOUL@grave=\count327
\SOUL@spaceskip=\skip67
\SOUL@ttwidth=\dimen178
\SOUL@uldp=\dimen179
\SOUL@ulht=\dimen180
)
(/usr/local/texlive/2024/texmf-dist/tex/generic/infwarerr/infwarerr.sty
Package: infwarerr 2019/12/03 v1.5 Providing info/warning/error messages (HO)
)
(/usr/local/texlive/2024/texmf-dist/tex/generic/etexcmds/etexcmds.sty
Package: etexcmds 2019/12/15 v1.7 Avoid name clashes with e-TeX commands (HO)

(/usr/local/texlive/2024/texmf-dist/tex/generic/iftex/iftex.sty
Package: iftex 2022/02/03 v1.0f TeX engine tests
)))
(/usr/local/texlive/2024/texmf-dist/tex/latex/float/float.sty
Package: float 2001/11/08 v1.3d Float enhancements (AL)
\c@float@type=\count328
\float@exts=\toks40
\float@box=\box107
\@float@everytoks=\toks41
\@floatcapt=\box108
)
(/usr/local/texlive/2024/texmf-dist/tex/latex/caption/subcaption.sty
Package: subcaption 2023/07/28 v1.6b Sub-captions (AR)

(/usr/local/texlive/2024/texmf-dist/tex/latex/caption/caption.sty
Package: caption 2023/08/05 v3.6o Customizing captions (AR)

(/usr/local/texlive/2024/texmf-dist/tex/latex/caption/caption3.sty
Package: caption3 2023/07/31 v2.4d caption3 kernel (AR)
\caption@tempdima=\dimen181
\captionmargin=\dimen182
\caption@leftmargin=\dimen183
\caption@rightmargin=\dimen184
\caption@width=\dimen185
\caption@indent=\dimen186
\caption@parindent=\dimen187
\caption@hangindent=\dimen188
\abovecaptionskip=\skip68
\belowcaptionskip=\skip69
Package caption Info: Unknown document class (or package),
(caption)             standard defaults will be used.
Package caption Info: \@makecaption = \long macro:#1#2->\ifx \FigName \@captype
 \SFB@makefigurecaption {#1}{#2}\else \SFB@maketablecaption {#1}{#2}\fi  on inp
ut line 1175.
)

Package caption Warning: Unknown document class (or package),
(caption)                standard defaults will be used.
See the caption package documentation for explanation.

\c@caption@flags=\count329
\c@continuedfloat=\count330
Package caption Info: float package is loaded.
)
Package caption Info: New subtype `subfigure' on input line 238.
\c@subfigure=\count331
Package caption Info: New subtype `subtable' on input line 238.
\c@subtable=\count332
) (/usr/local/texlive/2024/texmf-dist/tex/latex/booktabs/booktabs.sty
Package: booktabs 2020/01/12 v1.61803398 Publication quality tables
\heavyrulewidth=\dimen189
\lightrulewidth=\dimen190
\cmidrulewidth=\dimen191
\belowrulesep=\dimen192
\belowbottomsep=\dimen193
\aboverulesep=\dimen194
\abovetopsep=\dimen195
\cmidrulesep=\dimen196
\cmidrulekern=\dimen197
\defaultaddspace=\dimen198
\@cmidla=\count333
\@cmidlb=\count334
\@aboverulesep=\dimen199
\@belowrulesep=\dimen256
\@thisruleclass=\count335
\@lastruleclass=\count336
\@thisrulewidth=\dimen257
)
(/usr/local/texlive/2024/texmf-dist/tex/latex/pdflscape/pdflscape.sty
Package: pdflscape 2022-10-27 v0.13 Display of landscape pages in PDF

(/usr/local/texlive/2024/texmf-dist/tex/latex/pdflscape/pdflscape-nometadata.st
y
Package: pdflscape-nometadata 2022-10-28 v0.13 Display of landscape pages in PD
F (HO)
Package pdflscape Info: Auto-detected driver: pdftex on input line 81.
)) (/usr/local/texlive/2024/texmf-dist/tex/latex/algorithms/algorithm.sty
Package: algorithm 2009/08/24 v0.1 Document Style `algorithm' - floating enviro
nment

(/usr/local/texlive/2024/texmf-dist/tex/latex/base/ifthen.sty
Package: ifthen 2022/04/13 v1.1d Standard LaTeX ifthen package (DPC)
)
\@float@every@algorithm=\toks42
\c@algorithm=\count337
)
(/usr/local/texlive/2024/texmf-dist/tex/latex/algorithmicx/algorithmicx.sty
Package: algorithmicx 2005/04/27 v1.2 Algorithmicx

Document Style algorithmicx 1.2 - a greatly improved `algorithmic' style
\c@ALG@line=\count338
\c@ALG@rem=\count339
\c@ALG@nested=\count340
\ALG@tlm=\skip70
\ALG@thistlm=\skip71
\c@ALG@Lnr=\count341
\c@ALG@blocknr=\count342
\c@ALG@storecount=\count343
\c@ALG@tmpcounter=\count344
\ALG@tmplength=\skip72
) (/usr/local/texlive/2024/texmf-dist/tex/latex/algorithmicx/algpseudocode.sty
Package: algpseudocode 

Document Style - pseudocode environments for use with the `algorithmicx' style
) (/usr/local/texlive/2024/texmf-dist/tex/latex/hyperref/hyperref.sty
Package: hyperref 2024-01-20 v7.01h Hypertext links for LaTeX

(/usr/local/texlive/2024/texmf-dist/tex/latex/kvsetkeys/kvsetkeys.sty
Package: kvsetkeys 2022-10-05 v1.19 Key value parser (HO)
)
(/usr/local/texlive/2024/texmf-dist/tex/generic/kvdefinekeys/kvdefinekeys.sty
Package: kvdefinekeys 2019-12-19 v1.6 Define keys (HO)
)
(/usr/local/texlive/2024/texmf-dist/tex/generic/pdfescape/pdfescape.sty
Package: pdfescape 2019/12/09 v1.15 Implements pdfTeX's escape features (HO)

(/usr/local/texlive/2024/texmf-dist/tex/generic/ltxcmds/ltxcmds.sty
Package: ltxcmds 2023-12-04 v1.26 LaTeX kernel commands for general use (HO)
)
(/usr/local/texlive/2024/texmf-dist/tex/generic/pdftexcmds/pdftexcmds.sty
Package: pdftexcmds 2020-06-27 v0.33 Utility functions of pdfTeX for LuaTeX (HO
)
Package pdftexcmds Info: \pdf@primitive is available.
Package pdftexcmds Info: \pdf@ifprimitive is available.
Package pdftexcmds Info: \pdfdraftmode found.
))
(/usr/local/texlive/2024/texmf-dist/tex/latex/hycolor/hycolor.sty
Package: hycolor 2020-01-27 v1.10 Color options for hyperref/bookmark (HO)
)
(/usr/local/texlive/2024/texmf-dist/tex/latex/auxhook/auxhook.sty
Package: auxhook 2019-12-17 v1.6 Hooks for auxiliary files (HO)
)
(/usr/local/texlive/2024/texmf-dist/tex/latex/hyperref/nameref.sty
Package: nameref 2023-11-26 v2.56 Cross-referencing by name of section

(/usr/local/texlive/2024/texmf-dist/tex/latex/refcount/refcount.sty
Package: refcount 2019/12/15 v3.6 Data extraction from label references (HO)
)
(/usr/local/texlive/2024/texmf-dist/tex/generic/gettitlestring/gettitlestring.s
ty
Package: gettitlestring 2019/12/15 v1.6 Cleanup title references (HO)
 (/usr/local/texlive/2024/texmf-dist/tex/latex/kvoptions/kvoptions.sty
Package: kvoptions 2022-06-15 v3.15 Key value format for package options (HO)
))
\c@section@level=\count345
)
(/usr/local/texlive/2024/texmf-dist/tex/latex/etoolbox/etoolbox.sty
Package: etoolbox 2020/10/05 v2.5k e-TeX tools for LaTeX (JAW)
\etb@tempcnta=\count346
)
\@linkdim=\dimen258
\Hy@linkcounter=\count347
\Hy@pagecounter=\count348

(/usr/local/texlive/2024/texmf-dist/tex/latex/hyperref/pd1enc.def
File: pd1enc.def 2024-01-20 v7.01h Hyperref: PDFDocEncoding definition (HO)
Now handling font encoding PD1 ...
... no UTF-8 mapping file for font encoding PD1
)
(/usr/local/texlive/2024/texmf-dist/tex/generic/intcalc/intcalc.sty
Package: intcalc 2019/12/15 v1.3 Expandable calculations with integers (HO)
)
\Hy@SavedSpaceFactor=\count349

(/usr/local/texlive/2024/texmf-dist/tex/latex/hyperref/puenc.def
File: puenc.def 2024-01-20 v7.01h Hyperref: PDF Unicode definition (HO)
Now handling font encoding PU ...
... no UTF-8 mapping file for font encoding PU
)
Package hyperref Info: Option `unicode' set `true' on input line 4062.
Package hyperref Info: Hyper figures OFF on input line 4179.
Package hyperref Info: Link nesting OFF on input line 4184.
Package hyperref Info: Hyper index ON on input line 4187.
Package hyperref Info: Plain pages OFF on input line 4194.
Package hyperref Info: Backreferencing OFF on input line 4199.
Package hyperref Info: Implicit mode ON; LaTeX internals redefined.
Package hyperref Info: Bookmarks ON on input line 4446.
\c@Hy@tempcnt=\count350

(/usr/local/texlive/2024/texmf-dist/tex/latex/url/url.sty
\Urlmuskip=\muskip17
Package: url 2013/09/16  ver 3.4  Verb mode for urls, etc.
)
LaTeX Info: Redefining \url on input line 4784.
\XeTeXLinkMargin=\dimen259

(/usr/local/texlive/2024/texmf-dist/tex/generic/bitset/bitset.sty
Package: bitset 2019/12/09 v1.3 Handle bit-vector datatype (HO)

(/usr/local/texlive/2024/texmf-dist/tex/generic/bigintcalc/bigintcalc.sty
Package: bigintcalc 2019/12/15 v1.5 Expandable calculations on big integers (HO
)
))
\Fld@menulength=\count351
\Field@Width=\dimen260
\Fld@charsize=\dimen261
Package hyperref Info: Hyper figures OFF on input line 6063.
Package hyperref Info: Link nesting OFF on input line 6068.
Package hyperref Info: Hyper index ON on input line 6071.
Package hyperref Info: backreferencing OFF on input line 6078.
Package hyperref Info: Link coloring OFF on input line 6083.
Package hyperref Info: Link coloring with OCG OFF on input line 6088.
Package hyperref Info: PDF/A mode OFF on input line 6093.

(/usr/local/texlive/2024/texmf-dist/tex/latex/base/atbegshi-ltx.sty
Package: atbegshi-ltx 2021/01/10 v1.0c Emulation of the original atbegshi
package with kernel methods
)
\Hy@abspage=\count352
\c@Item=\count353
\c@Hfootnote=\count354
)
Package hyperref Info: Driver (autodetected): hpdftex.

(/usr/local/texlive/2024/texmf-dist/tex/latex/hyperref/hpdftex.def
File: hpdftex.def 2024-01-20 v7.01h Hyperref driver for pdfTeX

(/usr/local/texlive/2024/texmf-dist/tex/latex/base/atveryend-ltx.sty
Package: atveryend-ltx 2020/08/19 v1.0a Emulation of the original atveryend pac
kage
with kernel methods
)
\Fld@listcount=\count355
\c@bookmark@seq@number=\count356

(/usr/local/texlive/2024/texmf-dist/tex/latex/rerunfilecheck/rerunfilecheck.sty
Package: rerunfilecheck 2022-07-10 v1.10 Rerun checks for auxiliary files (HO)

(/usr/local/texlive/2024/texmf-dist/tex/generic/uniquecounter/uniquecounter.sty
Package: uniquecounter 2019/12/15 v1.4 Provide unlimited unique counter (HO)
)
Package uniquecounter Info: New unique counter `rerunfilecheck' on input line 2
85.
)
\Hy@SectionHShift=\skip73
)
\c@proposition=\count357
 (/usr/local/texlive/2024/texmf-dist/tex/latex/bbm-macros/bbm.sty
Package: bbm 1999/03/15 V 1.2 provides fonts for set symbols - TH
LaTeX Font Info:    Overwriting math alphabet `\mathbbm' in version `bold'
(Font)                  U/bbm/m/n --> U/bbm/bx/n on input line 33.
LaTeX Font Info:    Overwriting math alphabet `\mathbbmss' in version `bold'
(Font)                  U/bbmss/m/n --> U/bbmss/bx/n on input line 35.
)
(/usr/local/texlive/2024/texmf-dist/tex/latex/multirow/multirow.sty
Package: multirow 2021/03/15 v2.8 Span multiple rows of a table
\multirow@colwidth=\skip74
\multirow@cntb=\count358
\multirow@dima=\skip75
\bigstrutjot=\dimen262
)
(/usr/local/texlive/2024/texmf-dist/tex/latex/tools/longtable.sty
Package: longtable 2023-11-01 v4.19 Multi-page Table package (DPC)
\LTleft=\skip76
\LTright=\skip77
\LTpre=\skip78
\LTpost=\skip79
\LTchunksize=\count359
\LTcapwidth=\dimen263
\LT@head=\box109
\LT@firsthead=\box110
\LT@foot=\box111
\LT@lastfoot=\box112
\LT@gbox=\box113
\LT@cols=\count360
\LT@rows=\count361
\c@LT@tables=\count362
\c@LT@chunks=\count363
\LT@p@ftn=\toks43
)
(/usr/local/texlive/2024/texmf-dist/tex/latex/tools/calc.sty
Package: calc 2023/07/08 v4.3 Infix arithmetic (KKT,FJ)
\calc@Acount=\count364
\calc@Bcount=\count365
\calc@Adimen=\dimen264
\calc@Bdimen=\dimen265
\calc@Askip=\skip80
\calc@Bskip=\skip81
LaTeX Info: Redefining \setlength on input line 80.
LaTeX Info: Redefining \addtolength on input line 81.
\calc@Ccount=\count366
\calc@Cskip=\skip82
)
(/usr/local/texlive/2024/texmf-dist/tex/latex/footnotehyper/footnotehyper.sty
Package: footnotehyper 2021/08/13 v1.1e hyperref aware footnote.sty (JFB)
\FNH@notes=\box114
\FNH@width=\dimen266
\FNH@toks=\toks44
)
(/usr/local/texlive/2024/texmf-dist/tex/latex/l3backend/l3backend-pdftex.def
File: l3backend-pdftex.def 2024-02-20 L3 backend support: PDF output (pdfTeX)
\l__color_backend_stack_int=\count367
\l__pdf_internal_box=\box115
)
(./BSET.aux)
\openout1 = `BSET.aux'.

LaTeX Font Info:    Checking defaults for OML/cmm/m/it on input line 85.
LaTeX Font Info:    ... okay on input line 85.
LaTeX Font Info:    Checking defaults for OMS/cmsy/m/n on input line 85.
LaTeX Font Info:    ... okay on input line 85.
LaTeX Font Info:    Checking defaults for OT1/cmr/m/n on input line 85.
LaTeX Font Info:    ... okay on input line 85.
LaTeX Font Info:    Checking defaults for T1/cmr/m/n on input line 85.
LaTeX Font Info:    ... okay on input line 85.
LaTeX Font Info:    Checking defaults for TS1/cmr/m/n on input line 85.
LaTeX Font Info:    ... okay on input line 85.
LaTeX Font Info:    Checking defaults for OMX/cmex/m/n on input line 85.
LaTeX Font Info:    ... okay on input line 85.
LaTeX Font Info:    Checking defaults for U/cmr/m/n on input line 85.
LaTeX Font Info:    ... okay on input line 85.
LaTeX Font Info:    Checking defaults for PD1/pdf/m/n on input line 85.
LaTeX Font Info:    ... okay on input line 85.
LaTeX Font Info:    Checking defaults for PU/pdf/m/n on input line 85.
LaTeX Font Info:    ... okay on input line 85.
 (./endrotfloat.sty
Package: endrotfloat 2024/01/01 stub
)
(/usr/local/texlive/2024/texmf-dist/tex/context/base/mkii/supp-pdf.mkii
[Loading MPS to PDF converter (version 2006.09.02).]
\scratchcounter=\count368
\scratchdimen=\dimen267
\scratchbox=\box116
\nofMPsegments=\count369
\nofMParguments=\count370
\everyMPshowfont=\toks45
\MPscratchCnt=\count371
\MPscratchDim=\dimen268
\MPnumerator=\count372
\makeMPintoPDFobject=\count373
\everyMPtoPDFconversion=\toks46
) (/usr/local/texlive/2024/texmf-dist/tex/latex/epstopdf-pkg/epstopdf-base.sty
Package: epstopdf-base 2020-01-24 v2.11 Base part for package epstopdf
Package epstopdf-base Info: Redefining graphics rule for `.eps' on input line 4
85.

(/usr/local/texlive/2024/texmf-dist/tex/latex/latexconfig/epstopdf-sys.cfg
File: epstopdf-sys.cfg 2010/07/13 v1.3 Configuration of (r)epstopdf for TeX Liv
e
))
Package caption Info: Begin \AtBeginDocument code.
Package caption Info: hyperref package is loaded.
Package caption Info: longtable package is loaded.

(/usr/local/texlive/2024/texmf-dist/tex/latex/caption/ltcaption.sty
Package: ltcaption 2021/01/08 v1.4c longtable captions (AR)
)
Package caption Info: End \AtBeginDocument code.
Package hyperref Info: Link coloring OFF on input line 85.

(./BSET.out) (./BSET.out)
\@outlinefile=\write6
\openout6 = `BSET.out'.

LaTeX Font Info:    Trying to load font information for U+rsfs on input line 10
2.

(/usr/local/texlive/2024/texmf-dist/tex/latex/jknapltx/ursfs.fd
File: ursfs.fd 1998/03/24 rsfs font definition file (jk)
)
LaTeX Font Info:    Trying to load font information for U+msa on input line 102
.

(/usr/local/texlive/2024/texmf-dist/tex/latex/amsfonts/umsa.fd
File: umsa.fd 2013/01/14 v3.01 AMS symbols A
)
LaTeX Font Info:    Trying to load font information for U+msb on input line 102
.

(/usr/local/texlive/2024/texmf-dist/tex/latex/amsfonts/umsb.fd
File: umsb.fd 2013/01/14 v3.01 AMS symbols B
)
Overfull \vbox (10.83334pt too high) has occurred while \output is active []


[1{/usr/local/texlive/2024/texmf-var/fonts/map/pdftex/updmap/pdftex.map}

]
Underfull \vbox (badness 10000) has occurred while \output is active []


Overfull \hbox (4.62497pt too wide) has occurred while \output is active
\OT1/cmr/m/n/9 1
 []


pdfTeX warning (ext4): destination with the same identifier (name{page.1}) has 
been already used, duplicate ignored
<to be read again> 
                   \relax 
l.114 I
       n this paper, we improve upon this existing approach by proposing an ...
[1

]
Overfull \hbox (4.62497pt too wide) has occurred while \output is active
\OT1/cmr/m/n/9 2
 []

[2]
Overfull \hbox (4.62497pt too wide) has occurred while \output is active
\OT1/cmr/m/n/9 3
 []

[3]
LaTeX Font Info:    Trying to load font information for U+bbm on input line 164
.
 (/usr/local/texlive/2024/texmf-dist/tex/latex/bbm-macros/ubbm.fd
File: ubbm.fd 1999/03/15 V 1.2 Font definition for bbm font - TH
)
Overfull \hbox (4.62497pt too wide) has occurred while \output is active
\OT1/cmr/m/n/9 4
 []

[4]
Underfull \vbox (badness 10000) has occurred while \output is active []


Overfull \hbox (4.62497pt too wide) has occurred while \output is active
\OT1/cmr/m/n/9 5
 []

[5]
Overfull \hbox (4.62497pt too wide) has occurred while \output is active
\OT1/cmr/m/n/9 6
 []

[6]
\openout3 = `BSET.fff'.

 (BSET.fff)
Overfull \hbox (4.62497pt too wide) has occurred while \output is active
\OT1/cmr/m/n/9 7
 []

[7]
Overfull \hbox (4.62497pt too wide) has occurred while \output is active
\OT1/cmr/m/n/9 8
 []

[8]
Package hyperref Info: bookmark level for unknown algorithm defaults to 0 on in
put line 303.

Overfull \hbox (4.62497pt too wide) has occurred while \output is active
\OT1/cmr/m/n/9 9
 []

[9]
Overfull \hbox (9.24994pt too wide) has occurred while \output is active
\OT1/cmr/m/n/9 10
 []

[10]
Underfull \vbox (badness 10000) has occurred while \output is active []


Overfull \hbox (9.24994pt too wide) has occurred while \output is active
\OT1/cmr/m/n/9 11
 []

[11]
Overfull \hbox (9.24994pt too wide) has occurred while \output is active
\OT1/cmr/m/n/9 12
 []

[12]
Overfull \hbox (6.0349pt too wide) in paragraph at lines 382--384
\OT1/cmr/m/it/12 where $\OML/cmm/m/it/12 D[]$ \OT1/cmr/m/it/12 is the ob-served
 data for unit $\OML/cmm/m/it/12 i$ \OT1/cmr/m/it/12 and $\OML/cmm/m/it/12 f[]$
 \OT1/cmr/m/it/12 is the true dis-tri-bu-tion of the data, parametrized
 []


Overfull \hbox (2.34505pt too wide) in paragraph at lines 401--403
\OT1/cmr/m/it/12 for ev-ery neigh-bor-hood $\OML/cmm/m/it/12 U[]$ \OT1/cmr/m/it
/12 of the non-identifiable com-po-nent $\OML/cmm/m/it/12 ^^^[]$\OT1/cmr/m/it/1
2 , where $\OML/cmm/m/it/12 ^^Y []$
 []


Overfull \hbox (9.24994pt too wide) has occurred while \output is active
\OT1/cmr/m/n/9 13
 []

[13]
Underfull \vbox (badness 10000) has occurred while \output is active []


Overfull \hbox (9.24994pt too wide) has occurred while \output is active
\OT1/cmr/m/n/9 14
 []

[14]
Underfull \vbox (badness 10000) has occurred while \output is active []


Overfull \hbox (9.24994pt too wide) has occurred while \output is active
\OT1/cmr/m/n/9 15
 []

[15]
Overfull \hbox (9.24994pt too wide) has occurred while \output is active
\OT1/cmr/m/n/9 16
 []

[16]
Overfull \hbox (9.24994pt too wide) has occurred while \output is active
\OT1/cmr/m/n/9 17
 []

[17]
Underfull \vbox (badness 10000) has occurred while \output is active []


Overfull \hbox (9.24994pt too wide) has occurred while \output is active
\OT1/cmr/m/n/9 18
 []

[18]
Overfull \hbox (9.24994pt too wide) has occurred while \output is active
\OT1/cmr/m/n/9 19
 []

[19]
Overfull \hbox (9.24994pt too wide) has occurred while \output is active
\OT1/cmr/m/n/9 20
 []

[20]
Overfull \hbox (9.24994pt too wide) has occurred while \output is active
\OT1/cmr/m/n/9 21
 []

[21] (./BSET.bbl
Overfull \hbox (9.24994pt too wide) has occurred while \output is active
\OT1/cmr/m/n/9 22
 []

[22]
Underfull \vbox (badness 10000) has occurred while \output is active []


Overfull \hbox (9.24994pt too wide) has occurred while \output is active
\OT1/cmr/m/n/9 23
 []

[23]
Underfull \vbox (badness 10000) has occurred while \output is active []


Overfull \hbox (9.24994pt too wide) has occurred while \output is active
\OT1/cmr/m/n/9 24
 []

[24])
Overfull \hbox (7.1154pt too wide) in alignment at lines 540--550
 [] [] [] [] [] [] 
 []


Overfull \hbox (7.1154pt too wide) in alignment at lines 550--557
 [] [] [] [] [] [] 
 []


Overfull \hbox (7.1154pt too wide) in alignment at lines 557--560
 [] [] [] [] [] [] 
 []


Overfull \hbox (7.1154pt too wide) in alignment at lines 560--562
 [] [] [] [] [] [] 
 []


Overfull \hbox (7.1154pt too wide) in alignment at lines 562--569
 [] [] [] [] [] [] 
 []


Overfull \hbox (9.24994pt too wide) has occurred while \output is active
\OT1/cmr/m/n/9 25
 []

[25] AED endfloat: Processing end Figures and Tables
Overfull \hbox (9.24994pt too wide) has occurred while \output is active
\OT1/cmr/m/n/9 26
 []

[26] (./BSET.fff
<figures/discrepancy_heatmap.pdf, id=442, 433.62pt x 361.35pt>
File: figures/discrepancy_heatmap.pdf Graphic file (type pdf)
<use figures/discrepancy_heatmap.pdf>
Package pdftex.def Info: figures/discrepancy_heatmap.pdf  used on input line 3.

(pdftex.def)             Requested size: 375.80542pt x 313.18651pt.

Overfull \hbox (9.24994pt too wide) has occurred while \output is active
\OT1/cmr/m/n/9 27
 []

[27


 <./figures/discrepancy_heatmap.pdf>]

pdfTeX warning: pdflatex (file ./figures/DCCT_Y.pdf): PDF inclusion: found PDF 
version <1.7>, but at most version <1.5> allowed
<figures/DCCT_Y.pdf, id=455, 433.62pt x 325.215pt>
File: figures/DCCT_Y.pdf Graphic file (type pdf)
<use figures/DCCT_Y.pdf>
Package pdftex.def Info: figures/DCCT_Y.pdf  used on input line 13.
(pdftex.def)             Requested size: 225.48038pt x 169.11276pt.


pdfTeX warning: pdflatex (file ./figures/DCCT_S.pdf): PDF inclusion: found PDF 
version <1.7>, but at most version <1.5> allowed
<figures/DCCT_S.pdf, id=456, 433.62pt x 325.215pt>
File: figures/DCCT_S.pdf Graphic file (type pdf)
<use figures/DCCT_S.pdf>
Package pdftex.def Info: figures/DCCT_S.pdf  used on input line 19.
(pdftex.def)             Requested size: 225.48038pt x 169.11276pt.

Overfull \hbox (9.24994pt too wide) has occurred while \output is active
\OT1/cmr/m/n/9 28
 []

[28

 <./figures/DCCT_Y.pdf> <./figures/DCCT_S.pdf

pdfTeX warning: pdflatex (file ./figures/DCCT_S.pdf): PDF inclusion: multiple p
dfs with page group included in a single page
>]

pdfTeX warning: pdflatex (file ./figures/DCCT_scatterplot.pdf): PDF inclusion: 
found PDF version <1.7>, but at most version <1.5> allowed
<figures/DCCT_scatterplot.pdf, id=476, 542.025pt x 361.35pt>
File: figures/DCCT_scatterplot.pdf Graphic file (type pdf)
<use figures/DCCT_scatterplot.pdf>
Package pdftex.def Info: figures/DCCT_scatterplot.pdf  used on input line 31.
(pdftex.def)             Requested size: 225.48038pt x 150.32137pt.


pdfTeX warning: pdflatex (file ./figures/DCCT_CDF.pdf): PDF inclusion: found PD
F version <1.7>, but at most version <1.5> allowed
<figures/DCCT_CDF.pdf, id=477, 542.025pt x 361.35pt>
File: figures/DCCT_CDF.pdf Graphic file (type pdf)
<use figures/DCCT_CDF.pdf>
Package pdftex.def Info: figures/DCCT_CDF.pdf  used on input line 37.
(pdftex.def)             Requested size: 225.48038pt x 150.32137pt.

Overfull \hbox (9.24994pt too wide) has occurred while \output is active
\OT1/cmr/m/n/9 29
 []

[29

 <./figures/DCCT_scatterplot.pdf> <./figures/DCCT_CDF.pdf

pdfTeX warning: pdflatex (file ./figures/DCCT_CDF.pdf): PDF inclusion: multiple
 pdfs with page group included in a single page
>]

pdfTeX warning: pdflatex (file ./figures/DCCT_no_X_theta_posterior_plot.pdf): P
DF inclusion: found PDF version <1.7>, but at most version <1.5> allowed
<figures/DCCT_no_X_theta_posterior_plot.pdf, id=497, 722.7pt x 578.16pt>
File: figures/DCCT_no_X_theta_posterior_plot.pdf Graphic file (type pdf)
<use figures/DCCT_no_X_theta_posterior_plot.pdf>
Package pdftex.def Info: figures/DCCT_no_X_theta_posterior_plot.pdf  used on in
put line 49.
(pdftex.def)             Requested size: 225.48038pt x 180.38342pt.


pdfTeX warning: pdflatex (file ./figures/DCCT_X_theta_posterior_plot.pdf): PDF 
inclusion: found PDF version <1.7>, but at most version <1.5> allowed
<figures/DCCT_X_theta_posterior_plot.pdf, id=498, 722.7pt x 578.16pt>
File: figures/DCCT_X_theta_posterior_plot.pdf Graphic file (type pdf)
<use figures/DCCT_X_theta_posterior_plot.pdf>
Package pdftex.def Info: figures/DCCT_X_theta_posterior_plot.pdf  used on input
 line 55.
(pdftex.def)             Requested size: 225.48038pt x 180.38342pt.
)
Overfull \hbox (9.24994pt too wide) has occurred while \output is active
\OT1/cmr/m/n/9 30
 []

[30

 <./figures/DCCT_no_X_theta_posterior_plot.pdf> <./figures/DCCT_X_theta_posteri
or_plot.pdf

pdfTeX warning: pdflatex (file ./figures/DCCT_X_theta_posterior_plot.pdf): PDF 
inclusion: multiple pdfs with page group included in a single page
>] (./BSET.aux)
 ***********
LaTeX2e <2023-11-01> patch level 1
L3 programming layer <2024-02-20>
 ***********


LaTeX Warning: Label(s) may have changed. Rerun to get cross-references right.

Package rerunfilecheck Info: File `BSET.out' has not changed.
(rerunfilecheck)             Checksum: 4EC2F89E5B2197E282990312284A0116;2823.
 ) 
Here is how much of TeX's memory you used:
 15448 strings out of 474116
 247509 string characters out of 5743682
 1940187 words of memory out of 5000000
 37404 multiletter control sequences out of 15000+600000
 575245 words of font info for 102 fonts, out of 8000000 for 9000
 1141 hyphenation exceptions out of 8191
 75i,19n,79p,1794b,614s stack positions out of 10000i,1000n,20000p,200000b,200000s

pdfTeX warning (dest): name{appendix.F} has been referenced but does not exist,
 replaced by a fixed one


pdfTeX warning (dest): name{appendix.E} has been referenced but does not exist,
 replaced by a fixed one


pdfTeX warning (dest): name{definition.1} has been referenced but does not exis
t, replaced by a fixed one


pdfTeX warning (dest): name{appendix.D} has been referenced but does not exist,
 replaced by a fixed one


pdfTeX warning (dest): name{appendix.C} has been referenced but does not exist,
 replaced by a fixed one


pdfTeX warning (dest): name{appendix.B} has been referenced but does not exist,
 replaced by a fixed one


pdfTeX warning (dest): name{appendix.A} has been referenced but does not exist,
 replaced by a fixed one

 </Users/pc29642/Library/texlive/2024/texmf-var/fonts/pk/ljfour/public/bbm/bbm1
2.600pk></usr/local/texlive/2024/texmf-dist/fonts/type1/public/amsfonts/cm/cmbx
10.pfb></usr/local/texlive/2024/texmf-dist/fonts/type1/public/amsfonts/cm/cmbx1
2.pfb></usr/local/texlive/2024/texmf-dist/fonts/type1/public/amsfonts/cm/cmcsc1
0.pfb></usr/local/texlive/2024/texmf-dist/fonts/type1/public/amsfonts/cm/cmex10
.pfb></usr/local/texlive/2024/texmf-dist/fonts/type1/public/amsfonts/cm/cmmi12.
pfb></usr/local/texlive/2024/texmf-dist/fonts/type1/public/amsfonts/cm/cmmi6.pf
b></usr/local/texlive/2024/texmf-dist/fonts/type1/public/amsfonts/cm/cmmi8.pfb>
</usr/local/texlive/2024/texmf-dist/fonts/type1/public/amsfonts/cm/cmmib10.pfb>
</usr/local/texlive/2024/texmf-dist/fonts/type1/public/amsfonts/cmextra/cmmib8.
pfb></usr/local/texlive/2024/texmf-dist/fonts/type1/public/amsfonts/cm/cmr10.pf
b></usr/local/texlive/2024/texmf-dist/fonts/type1/public/amsfonts/cm/cmr12.pfb>
</usr/local/texlive/2024/texmf-dist/fonts/type1/public/amsfonts/cm/cmr6.pfb></u
sr/local/texlive/2024/texmf-dist/fonts/type1/public/amsfonts/cm/cmr8.pfb></usr/
local/texlive/2024/texmf-dist/fonts/type1/public/amsfonts/cm/cmr9.pfb></usr/loc
al/texlive/2024/texmf-dist/fonts/type1/public/amsfonts/cm/cmsy10.pfb></usr/loca
l/texlive/2024/texmf-dist/fonts/type1/public/amsfonts/cm/cmsy6.pfb></usr/local/
texlive/2024/texmf-dist/fonts/type1/public/amsfonts/cm/cmsy8.pfb></usr/local/te
xlive/2024/texmf-dist/fonts/type1/public/amsfonts/cm/cmti12.pfb></usr/local/tex
live/2024/texmf-dist/fonts/type1/public/amsfonts/cm/cmti8.pfb></usr/local/texli
ve/2024/texmf-dist/fonts/type1/public/amsfonts/cm/cmti9.pfb></usr/local/texlive
/2024/texmf-dist/fonts/type1/public/amsfonts/cm/cmtt12.pfb></usr/local/texlive/
2024/texmf-dist/fonts/type1/public/amsfonts/symbols/msbm10.pfb>
Output written on BSET.pdf (31 pages, 532810 bytes).
PDF statistics:
 673 PDF objects out of 1000 (max. 8388607)
 559 compressed objects within 6 object streams
 131 named destinations out of 1000 (max. 500000)
 148 words of extra memory for PDF output out of 10000 (max. 10000000)

